<?xml version="1.0" encoding="UTF-8"?>
<!-- Generated by org.testng.reporters.JUnitReportReporter -->
<testsuite skipped="0" hostname="DESKTOP-FJN63NP" name="com.selenium.dataprovider.DataProviderDemo" tests="3" failures="0" timestamp="2023-04-23T13:22:15 IST" time="0.023" errors="0">
  <testcase name="loginTest" time="0.021" classname="com.selenium.dataprovider.DataProviderDemo"/>
  <system-out/>
  <testcase name="loginTest" time="0.001" classname="com.selenium.dataprovider.DataProviderDemo"/>
  <system-out/>
  <testcase name="loginTest" time="0.001" classname="com.selenium.dataprovider.DataProviderDemo"/>
  <system-out/>
</testsuite> <!-- com.selenium.dataprovider.DataProviderDemo -->
